TN:
SF:C:\Users\shanm\Desktop\Assignment\src\polyfills.ts
FNF:0
FNH:0
LF:0
LH:0
BRF:0
BRH:0
end_of_record
TN:
SF:C:\Users\shanm\Desktop\Assignment\src\test.ts
FNF:0
FNH:0
DA:13,1
DA:18,1
DA:20,1
LF:3
LH:3
BRF:0
BRH:0
end_of_record
TN:
SF:C:\Users\shanm\Desktop\Assignment\src\app\app-routing.module.ts
FN:10,(anonymous_0)
FNF:1
FNH:1
FNDA:4,(anonymous_0)
DA:4,1
DA:10,1
LF:2
LH:2
BRF:0
BRH:0
end_of_record
TN:
SF:C:\Users\shanm\Desktop\Assignment\src\app\app.component.ts
FN:12,(anonymous_0)
FN:16,AppComponent
FN:23,(anonymous_2)
FN:27,(anonymous_3)
FNF:4
FNH:4
FNDA:1,(anonymous_0)
FNDA:3,AppComponent
FNDA:1,(anonymous_2)
FNDA:1,(anonymous_3)
DA:12,1
DA:13,3
DA:18,3
DA:20,3
DA:21,3
DA:23,1
DA:24,1
DA:27,1
DA:28,1
DA:30,1
LF:10
LH:10
BRF:0
BRH:0
end_of_record
TN:
SF:C:\Users\shanm\Desktop\Assignment\src\app\app.module.ts
FN:33,(anonymous_0)
FNF:1
FNH:1
FNDA:4,(anonymous_0)
DA:33,1
LF:1
LH:1
BRF:0
BRH:0
end_of_record
TN:
SF:C:\Users\shanm\Desktop\Assignment\src\app\create-appointment\create-appointment.component.ts
FN:13,(anonymous_0)
FN:20,CreateAppointmentComponent
FN:27,(anonymous_2)
FN:30,(anonymous_3)
FN:41,(anonymous_4)
FN:45,(anonymous_5)
FN:49,(anonymous_6)
FN:53,(anonymous_7)
FNF:8
FNH:8
FNDA:1,(anonymous_0)
FNDA:6,CreateAppointmentComponent
FNDA:2,(anonymous_2)
FNDA:2,(anonymous_3)
FNDA:2,(anonymous_4)
FNDA:1,(anonymous_5)
FNDA:1,(anonymous_6)
FNDA:1,(anonymous_7)
DA:13,1
DA:14,6
DA:15,6
DA:16,6
DA:17,6
DA:21,6
DA:22,6
DA:23,6
DA:27,1
DA:28,2
DA:30,1
DA:31,2
DA:41,1
DA:42,2
DA:45,1
DA:46,1
DA:49,1
DA:51,1
DA:52,1
DA:54,1
DA:59,1
DA:60,1
DA:63,1
DA:66,1
LF:24
LH:24
BRF:0
BRH:0
end_of_record
TN:
SF:C:\Users\shanm\Desktop\Assignment\src\app\edit-appointment\edit-appointment.component.ts
FN:8,(anonymous_0)
FN:10,EditAppointmentComponent
FN:12,(anonymous_2)
FNF:3
FNH:3
FNDA:1,(anonymous_0)
FNDA:1,EditAppointmentComponent
FNDA:1,(anonymous_2)
DA:8,1
DA:12,1
DA:15,1
LF:3
LH:3
BRF:0
BRH:0
end_of_record
TN:
SF:C:\Users\shanm\Desktop\Assignment\src\app\view-appointment\view-appointment.component.ts
FN:11,(anonymous_0)
FN:18,ViewAppointmentComponent
FN:20,(anonymous_2)
FN:22,(anonymous_3)
FN:26,(anonymous_4)
FN:30,(anonymous_5)
FN:33,(anonymous_6)
FN:37,(anonymous_7)
FNF:8
FNH:8
FNDA:1,(anonymous_0)
FNDA:8,ViewAppointmentComponent
FNDA:1,(anonymous_2)
FNDA:1,(anonymous_3)
FNDA:1,(anonymous_4)
FNDA:3,(anonymous_5)
FNDA:1,(anonymous_6)
FNDA:2,(anonymous_7)
DA:11,1
DA:12,8
DA:13,8
DA:14,8
DA:15,8
DA:17,8
DA:18,8
DA:20,1
DA:22,1
DA:23,1
DA:26,1
DA:27,1
DA:30,3
DA:31,3
DA:32,3
DA:34,1
DA:35,1
DA:36,1
DA:38,2
DA:41,1
LF:20
LH:20
BRF:0
BRH:0
end_of_record
TN:
SF:C:\Users\shanm\Desktop\Assignment\src\environments\environment.ts
FNF:0
FNH:0
DA:5,1
LF:1
LH:1
BRF:0
BRH:0
end_of_record
